<?xml version="1.0" encoding="utf-8" standalone="no"?>
<!--This file represents the results of running a test suite-->
<test-results name="D:\Projekte\datenmeister\src\DatenMeister.Tests\DatenMeister.Tests.nunit" total="46" errors="1" failures="0" not-run="0" inconclusive="0" ignored="0" skipped="0" invalid="0" date="2014-08-17" time="14:16:20">
  <environment nunit-version="2.6.3.13283" clr-version="2.0.50727.8009" os-version="Microsoft Windows NT 6.2.9200.0" platform="Win32NT" cwd="D:\Projekte\burnsystems\tests\BurnSystems.UnitTests\bin\Debug" machine-name="ESEL" user="Martin" user-domain="ESEL" />
  <culture-info current-culture="de-DE" current-uiculture="de-DE" />
  <test-suite type="Project" name="D:\Projekte\datenmeister\src\DatenMeister.Tests\DatenMeister.Tests.nunit" executed="True" result="Failure" success="False" time="4.116" asserts="0">
    <results>
      <test-suite type="Assembly" name="D:\Projekte\datenmeister\src\DatenMeister.Tests\bin\Debug\DatenMeister.Tests.dll" executed="True" result="Failure" success="False" time="4.097" asserts="0">
        <results>
          <test-suite type="Namespace" name="DatenMeister" executed="True" result="Failure" success="False" time="4.097" asserts="0">
            <results>
              <test-suite type="Namespace" name="Tests" executed="True" result="Failure" success="False" time="4.096" asserts="0">
                <results>
                  <test-suite type="Namespace" name="DataProvider" executed="True" result="Success" success="True" time="0.902" asserts="0">
                    <results>
                      <test-suite type="TestFixture" name="CSVTests" executed="True" result="Success" success="True" time="0.403" asserts="0">
                        <results>
                          <test-case name="DatenMeister.Tests.DataProvider.CSVTests.TestAdd" executed="True" result="Success" success="True" time="0.260" asserts="6" />
                          <test-case name="DatenMeister.Tests.DataProvider.CSVTests.TestDelete" executed="True" result="Success" success="True" time="0.003" asserts="3" />
                          <test-case name="DatenMeister.Tests.DataProvider.CSVTests.TestImportingWithHeader" executed="True" result="Success" success="True" time="0.022" asserts="25" />
                          <test-case name="DatenMeister.Tests.DataProvider.CSVTests.TestImportingWithoutHeader" executed="True" result="Success" success="True" time="0.006" asserts="14" />
                          <test-case name="DatenMeister.Tests.DataProvider.CSVTests.TestSavingHeaderHeader" executed="True" result="Success" success="True" time="0.032" asserts="1" />
                          <test-case name="DatenMeister.Tests.DataProvider.CSVTests.TestSavingHeaderNoHeader" executed="True" result="Success" success="True" time="0.010" asserts="1" />
                          <test-case name="DatenMeister.Tests.DataProvider.CSVTests.TestSavingNoHeaderHeader" executed="True" result="Success" success="True" time="0.004" asserts="1" />
                          <test-case name="DatenMeister.Tests.DataProvider.CSVTests.TestSavingNoHeaderNoHeader" executed="True" result="Success" success="True" time="0.002" asserts="1" />
                          <test-case name="DatenMeister.Tests.DataProvider.CSVTests.TestSetExtentToObject" executed="True" result="Success" success="True" time="0.007" asserts="2" />
                          <test-case name="DatenMeister.Tests.DataProvider.CSVTests.TestSettingUnsetting" executed="True" result="Success" success="True" time="0.002" asserts="4" />
                        </results>
                      </test-suite>
                      <test-suite type="TestFixture" name="DotNetTests" executed="True" result="Success" success="True" time="0.022" asserts="0">
                        <results>
                          <test-case name="DatenMeister.Tests.DataProvider.DotNetTests.TestGettingSetting" executed="True" result="Success" success="True" time="0.021" asserts="9" />
                        </results>
                      </test-suite>
                      <test-suite type="TestFixture" name="FactoryTests" executed="True" result="Success" success="True" time="0.131" asserts="0">
                        <results>
                          <test-case name="DatenMeister.Tests.DataProvider.FactoryTests.TestXmlTests" executed="True" result="Success" success="True" time="0.130" asserts="1" />
                        </results>
                      </test-suite>
                      <test-suite type="TestFixture" name="GenericTests" executed="True" result="Success" success="True" time="0.017" asserts="0">
                        <results>
                          <test-case name="DatenMeister.Tests.DataProvider.GenericTests.TestAsReflectiveSequence" executed="True" result="Success" success="True" time="0.012" asserts="7" />
                          <test-case name="DatenMeister.Tests.DataProvider.GenericTests.TestAsSingle" executed="True" result="Success" success="True" time="0.001" asserts="9" />
                        </results>
                      </test-suite>
                      <test-suite type="Namespace" name="GroupBy" executed="True" result="Success" success="True" time="0.010" asserts="0">
                        <results>
                          <test-suite type="TestFixture" name="GroupByTests" executed="True" result="Success" success="True" time="0.009" asserts="0">
                            <results>
                              <test-case name="DatenMeister.Tests.DataProvider.GroupBy.GroupByTests.TestByType" executed="True" result="Success" success="True" time="0.008" asserts="10" />
                            </results>
                          </test-suite>
                        </results>
                      </test-suite>
                      <test-suite type="TestFixture" name="XmlTests" executed="True" result="Success" success="True" time="0.297" asserts="0">
                        <results>
                          <test-case name="DatenMeister.Tests.DataProvider.XmlTests.TestAutoGeneratedCode" executed="True" result="Success" success="True" time="0.010" asserts="2" />
                          <test-case name="DatenMeister.Tests.DataProvider.XmlTests.TestEmbeddedElementsAsReflectiveCollectionWithSubElement" executed="True" result="Success" success="True" time="0.116" asserts="11" />
                          <test-case name="DatenMeister.Tests.DataProvider.XmlTests.TestEmbeddedElementsAsSingle" executed="True" result="Success" success="True" time="0.001" asserts="1" />
                          <test-case name="DatenMeister.Tests.DataProvider.XmlTests.TestEmbeddedElementsAsSingleWithSubElement" executed="True" result="Success" success="True" time="0.001" asserts="2" />
                          <test-case name="DatenMeister.Tests.DataProvider.XmlTests.TestFactory" executed="True" result="Success" success="True" time="0.003" asserts="5" />
                          <test-case name="DatenMeister.Tests.DataProvider.XmlTests.TestGetAndSetOfDateTime" executed="True" result="Success" success="True" time="0.006" asserts="1" />
                          <test-case name="DatenMeister.Tests.DataProvider.XmlTests.TestGetAndSetReflectiveCollectionWithReferences" executed="True" result="Success" success="True" time="0.028" asserts="9" />
                          <test-case name="DatenMeister.Tests.DataProvider.XmlTests.TestGetGetAllAndSetByAttributes" executed="True" result="Success" success="True" time="0.032" asserts="13" />
                          <test-case name="DatenMeister.Tests.DataProvider.XmlTests.TestGetReflectiveCollectionWithReferences" executed="True" result="Success" success="True" time="0.002" asserts="5" />
                          <test-case name="DatenMeister.Tests.DataProvider.XmlTests.TestIdConcept" executed="True" result="Success" success="True" time="0.003" asserts="6" />
                          <test-case name="DatenMeister.Tests.DataProvider.XmlTests.TestReadingSimpleListWithIdGet" executed="True" result="Success" success="True" time="0.004" asserts="5" />
                          <test-case name="DatenMeister.Tests.DataProvider.XmlTests.TestReadingSimpleListWithIdGetAll" executed="True" result="Success" success="True" time="0.003" asserts="5" />
                          <test-case name="DatenMeister.Tests.DataProvider.XmlTests.TestReadingSimpleListWithIdSet" executed="True" result="Success" success="True" time="0.003" asserts="3" />
                          <test-case name="DatenMeister.Tests.DataProvider.XmlTests.TestReferenceAndRemove" executed="True" result="Success" success="True" time="0.003" asserts="2" />
                          <test-case name="DatenMeister.Tests.DataProvider.XmlTests.TestReferenceWithFullPath" executed="True" result="Success" success="True" time="0.001" asserts="3" />
                          <test-case name="DatenMeister.Tests.DataProvider.XmlTests.TestReferenceWithPartialPath" executed="True" result="Success" success="True" time="0.001" asserts="3" />
                          <test-case name="DatenMeister.Tests.DataProvider.XmlTests.TestReflectiveSequence" executed="True" result="Success" success="True" time="0.006" asserts="22" />
                          <test-case name="DatenMeister.Tests.DataProvider.XmlTests.TestReflectiveSequenceWithStrings" executed="True" result="Success" success="True" time="0.001" asserts="4" />
                          <test-case name="DatenMeister.Tests.DataProvider.XmlTests.TestSetAndGetAllOfTypedElement" executed="True" result="Success" success="True" time="0.001" asserts="1" />
                          <test-case name="DatenMeister.Tests.DataProvider.XmlTests.TestSetReference" executed="True" result="Success" success="True" time="0.002" asserts="9" />
                          <test-case name="DatenMeister.Tests.DataProvider.XmlTests.TestTypedElementsAsSubElements" executed="True" result="Success" success="True" time="0.001" asserts="6" />
                        </results>
                      </test-suite>
                    </results>
                  </test-suite>
                  <test-suite type="Namespace" name="Export" executed="True" result="Success" success="True" time="2.552" asserts="0">
                    <results>
                      <test-suite type="TestFixture" name="ExcelExportTests" executed="True" result="Success" success="True" time="2.551" asserts="0">
                        <results>
                          <test-case name="DatenMeister.Tests.Export.ExcelExportTests.TestByTypeExport" executed="True" result="Success" success="True" time="2.533" asserts="0" />
                          <test-case name="DatenMeister.Tests.Export.ExcelExportTests.TestSimpleExport" executed="True" result="Success" success="True" time="0.012" asserts="0" />
                        </results>
                      </test-suite>
                    </results>
                  </test-suite>
                  <test-suite type="Namespace" name="PoolLogic" executed="True" result="Failure" success="False" time="0.621" asserts="0">
                    <results>
                      <test-suite type="TestFixture" name="CopyExtentsTests" executed="True" result="Success" success="True" time="0.043" asserts="0">
                        <results>
                          <test-case name="DatenMeister.Tests.PoolLogic.CopyExtentsTests.TestCopyWithoutReference" executed="True" result="Success" success="True" time="0.004" asserts="3" />
                          <test-case name="DatenMeister.Tests.PoolLogic.CopyExtentsTests.TestCopyWithReference" executed="True" result="Success" success="True" time="0.028" asserts="3" />
                        </results>
                      </test-suite>
                      <test-suite type="TestFixture" name="FilterTests" executed="True" result="Success" success="True" time="0.138" asserts="0">
                        <results>
                          <test-case name="DatenMeister.Tests.PoolLogic.FilterTests.FilterByPropertyBoolean" executed="True" result="Success" success="True" time="0.012" asserts="3" />
                          <test-case name="DatenMeister.Tests.PoolLogic.FilterTests.FilterByTypeTest" executed="True" result="Success" success="True" time="0.122" asserts="4" />
                        </results>
                      </test-suite>
                      <test-suite type="TestFixture" name="PoolProviderTests" executed="True" result="Failure" success="False" time="0.432" asserts="0">
                        <results>
                          <test-case name="DatenMeister.Tests.PoolLogic.PoolProviderTests.CreateResolvePath" executed="True" result="Success" success="True" time="0.007" asserts="4" />
                          <test-case name="DatenMeister.Tests.PoolLogic.PoolProviderTests.DoStoreAndLoad" executed="True" result="Error" success="False" time="0.143" asserts="0">
                            <failure>
                              <message><![CDATA[BurnSystems.Test.EnsureFailedException : Value cannot be null]]></message>
                              <stack-trace><![CDATA[bei BurnSystems.Test.Ensure.That(Boolean value, String message) in d:\Projekte\burnsystems\src\Test\Ensure.cs:Zeile 146.
bei DatenMeister.DataProvider.Xml.XmlExtent.set_Settings(XmlSettings value) in d:\Projekte\datenmeister\src\DatenMeister\DataProvider\Xml\XmlExtent.cs:Zeile 60.
bei DatenMeister.DataProvider.Xml.XmlDataProvider.Load(String path, XmlSettings settings) in d:\Projekte\datenmeister\src\DatenMeister\DataProvider\Xml\XmlDataProvider.cs:Zeile 29.
bei DatenMeister.DataProvider.Xml.XmlDataProvider.Load(String path, String uri, XmlSettings settings) in d:\Projekte\datenmeister\src\DatenMeister\DataProvider\Xml\XmlDataProvider.cs:Zeile 43.
bei DatenMeister.Logic.DatenMeisterPoolProvider.Load(DatenMeisterPool pool, String path, ExtentType extentType) in d:\Projekte\datenmeister\src\DatenMeister\Logic\DatenMeisterPoolProvider.cs:Zeile 76.
bei DatenMeister.Tests.PoolLogic.PoolProviderTests.DoStoreAndLoad() in d:\Projekte\datenmeister\src\DatenMeister.Tests\PoolLogic\PoolProviderTests.cs:Zeile 62.
]]></stack-trace>
                            </failure>
                          </test-case>
                          <test-case name="DatenMeister.Tests.PoolLogic.PoolProviderTests.RetrieveById" executed="True" result="Success" success="True" time="0.005" asserts="3" />
                          <test-case name="DatenMeister.Tests.PoolLogic.PoolProviderTests.TestAddTwoExtentsWithSameUrl" executed="True" result="Success" success="True" time="0.022" asserts="6" />
                        </results>
                      </test-suite>
                    </results>
                  </test-suite>
                </results>
              </test-suite>
            </results>
          </test-suite>
        </results>
      </test-suite>
    </results>
  </test-suite>
</test-results>